<?xml version="1.0" encoding="UTF-8"?>
<!-- Generated by org.testng.reporters.JUnitReportReporter -->
<testsuite hostname="DESKTOP-75RJOTB" failures="0" tests="2" name="qaclickacademy.RESTAPITest" time="0.001" errors="0" timestamp="2022-08-02T09:53:14 EDT" skipped="0">
  <testcase classname="qaclickacademy.RESTAPITest" name="PostJIRA" time="0.000"/>
  <system-out/>
  <testcase classname="qaclickacademy.RESTAPITest" name="DeleteTwitter" time="0.001"/>
  <system-out/>
</testsuite> <!-- qaclickacademy.RESTAPITest -->
